<?xml version="1.0" encoding="UTF-8"?>
<!-- Generated by org.testng.reporters.JUnitXMLReporter -->
<testsuite ignored="1" hostname="LAPTOP-5KMFOFH9" failures="0" tests="1" name="Default test" time="2.648" errors="0" timestamp="2024-11-30T09:54:33 IST">
  <testcase classname="com.NewScenarios.Headres_CookiesValidation" name="validateCookies" time="2.581"/>
  <testcase classname="com.NewScenarios.Headres_CookiesValidation" name="testHeaders" time="0.0">
    <ignored/>
  </testcase> <!-- testHeaders -->
</testsuite> <!-- Default test -->
