<?xml version="1.0" encoding="UTF-8"?>
<!-- Generated by org.testng.reporters.JUnitXMLReporter -->
<testsuite ignored="0" hostname="LAPTOP-5KMFOFH9" failures="0" tests="3" name="Default test" time="9.588" errors="0" timestamp="2024-10-13T09:54:33 IST">
  <testcase classname="com.TestNGFramework.PageObjectModel.LoginPageTestUsingBy" name="validateUrl" time="0.031"/>
  <testcase classname="com.TestNGFramework.PageObjectModel.LoginPageTestUsingBy" name="validateTitle" time="0.012"/>
  <testcase classname="com.TestNGFramework.PageObjectModel.LoginPageTestUsingBy" name="validateLogin" time="4.789"/>
</testsuite> <!-- Default test -->
