<?xml version="1.0" encoding="UTF-8"?>
<!-- Generated by org.testng.reporters.JUnitXMLReporter -->
<testsuite ignored="0" hostname="LAPTOP-5KMFOFH9" failures="0" tests="4" name="CartTest" time="16.04" errors="0" timestamp="2024-10-27T09:14:51 IST">
  <testcase classname="com.SwagLab.TestCase.CartPageTest" name="validateAddedProduct" time="0.043"/>
  <testcase classname="com.SwagLab.TestCase.CartPageTest" name="validateProductRemove" time="2.234"/>
  <testcase classname="com.SwagLab.TestCase.CartPageTest" name="validateContinueShopping" time="2.918"/>
  <testcase classname="com.SwagLab.TestCase.CartPageTest" name="validateLaunchOfCheckoutPage" time="0.286"/>
</testsuite> <!-- CartTest -->
