<?xml version="1.0" encoding="UTF-8"?>
<!-- Generated by org.testng.reporters.JUnitXMLReporter -->
<testsuite ignored="0" hostname="LAPTOP-5KMFOFH9" failures="0" tests="4" name="CartTest" time="7.836" errors="0" timestamp="2024-10-20T09:54:12 IST">
  <testcase classname="com.SwagLab.TestCase.CartPageTest" name="validateAddedProduct" time="0.034"/>
  <testcase classname="com.SwagLab.TestCase.CartPageTest" name="validateProductRemove" time="0.141"/>
  <testcase classname="com.SwagLab.TestCase.CartPageTest" name="validateContinueShopping" time="0.566"/>
  <testcase classname="com.SwagLab.TestCase.CartPageTest" name="validateLaunchOfCheckoutPage" time="0.109"/>
</testsuite> <!-- CartTest -->
