<?xml version="1.0" encoding="UTF-8"?>
<!-- Generated by org.testng.reporters.JUnitXMLReporter -->
<testsuite ignored="0" hostname="LAPTOP-5KMFOFH9" failures="0" tests="4" name="InventoryTest" time="3.773" errors="0" timestamp="2024-10-20T09:54:05 IST">
  <testcase classname="com.SwagLab.TestCase.InventoryPageTest" name="validateProductCount" time="0.033"/>
  <testcase classname="com.SwagLab.TestCase.InventoryPageTest" name="validateProductDetails" time="0.148"/>
  <testcase classname="com.SwagLab.TestCase.InventoryPageTest" name="validateAddToCart" time="0.26"/>
  <testcase classname="com.SwagLab.TestCase.InventoryPageTest" name="validateLaunchOfCartPage" time="0.093"/>
</testsuite> <!-- InventoryTest -->
