<?xml version="1.0" encoding="UTF-8"?>
<!-- Generated by org.testng.reporters.JUnitXMLReporter -->
<testsuite ignored="0" hostname="LAPTOP-5KMFOFH9" failures="0" tests="4" name="InventoryTest" time="5.631" errors="0" timestamp="2024-10-26T08:06:27 IST">
  <testcase classname="com.SwagLab.TestCase.InventoryPageTest" name="validateProductCount" time="0.026"/>
  <testcase classname="com.SwagLab.TestCase.InventoryPageTest" name="validateProductDetails" time="0.105"/>
  <testcase classname="com.SwagLab.TestCase.InventoryPageTest" name="validateAddToCart" time="0.239"/>
  <testcase classname="com.SwagLab.TestCase.InventoryPageTest" name="validateLaunchOfCartPage" time="0.136"/>
</testsuite> <!-- InventoryTest -->
