<?xml version="1.0" encoding="UTF-8"?>
<!-- Generated by org.testng.reporters.JUnitXMLReporter -->
<testsuite ignored="0" hostname="LAPTOP-5KMFOFH9" failures="0" tests="3" name="loginTest" time="4.674" errors="0" timestamp="2024-10-27T09:14:30 IST">
  <testcase classname="com.SwagLab.TestCase.LoginPageTest" name="validateUrl" time="0.143"/>
  <testcase classname="com.SwagLab.TestCase.LoginPageTest" name="validateTitle" time="0.027"/>
  <testcase classname="com.SwagLab.TestCase.LoginPageTest" name="validateLogin" time="0.818"/>
</testsuite> <!-- loginTest -->
