<?xml version="1.0" encoding="UTF-8"?>
<!-- Generated by org.testng.reporters.JUnitXMLReporter -->
<testsuite ignored="0" hostname="LAPTOP-5KMFOFH9" failures="0" tests="2" name="OverviewPageTest" time="16.016" errors="0" timestamp="2024-10-27T09:15:22 IST">
  <testcase classname="com.SwagLab.TestCase.OverviewPageTest" name="validateSummary" time="0.035"/>
  <testcase classname="com.SwagLab.TestCase.OverviewPageTest" name="validateCompletionOfOrder" time="0.291"/>
</testsuite> <!-- OverviewPageTest -->
