<?xml version="1.0" encoding="UTF-8"?>
<!-- Generated by org.testng.reporters.JUnitXMLReporter -->
<testsuite ignored="2" hostname="LAPTOP-5KMFOFH9" failures="0" tests="3" name="Test" time="0.082" errors="0" timestamp="2024-10-06T09:50:05 IST">
  <testcase classname="com.TestNGFramework.TestDemo3_IgnoringScenario" name="interviewProcess" time="0.011"/>
  <testcase classname="com.TestNGFramework.TestDemo3_IgnoringScenario" name="documentProcess" time="0.001"/>
  <testcase classname="com.TestNGFramework.TestDemo3_IgnoringScenario" name="onBoardProcess" time="0.001"/>
  <testcase classname="com.TestNGFramework.TestDemo3_IgnoringScenario" name="KTProcess" time="0.0">
    <ignored/>
  </testcase> <!-- KTProcess -->
  <testcase classname="com.TestNGFramework.TestDemo3_IgnoringScenario" name="projectAssignProcess" time="0.0">
    <ignored/>
  </testcase> <!-- projectAssignProcess -->
</testsuite> <!-- Test -->
