<?xml version="1.0" encoding="UTF-8"?>
<!-- Generated by org.testng.reporters.JUnitXMLReporter -->
<testsuite ignored="2" hostname="LAPTOP-5KMFOFH9" failures="0" tests="4" name="Test" time="0.084" errors="0" timestamp="2024-10-13T09:19:16 IST">
  <testcase classname="com.TestNGFramework.GroupingInTestNG" name="testCase1" time="0.018"/>
  <testcase classname="com.TestNGFramework.GroupingInTestNG" name="testCase2" time="0.001"/>
  <testcase classname="com.TestNGFramework.GroupingInTestNG" name="testCase3" time="0.001"/>
  <testcase classname="com.TestNGFramework.GroupingInTestNG" name="testCase4" time="0.001"/>
  <testcase classname="com.TestNGFramework.GroupingInTestNG" name="testCase5" time="0.0">
    <ignored/>
  </testcase> <!-- testCase5 -->
  <testcase classname="com.TestNGFramework.GroupingInTestNG" name="testCase6" time="0.0">
    <ignored/>
  </testcase> <!-- testCase6 -->
</testsuite> <!-- Test -->
