<?xml version="1.0" encoding="UTF-8"?>
<testng-results ignored="0" total="1" passed="1" failed="0" skipped="0">
  <reporter-output>
  </reporter-output>
  <suite started-at="2024-12-07T13:25:21 IST" name="Default suite" finished-at="2024-12-07T13:25:44 IST" duration-ms="22756">
    <groups>
    </groups>
    <test started-at="2024-12-07T13:25:21 IST" name="Default test" finished-at="2024-12-07T13:25:44 IST" duration-ms="22756">
      <class name="com.TestMobileScenariosPart2.WorkingWithAppCommands">
        <test-method signature="testCommands()[pri:0, instance:com.TestMobileScenariosPart2.WorkingWithAppCommands@6cd28fa7]" started-at="2024-12-07T13:25:21 IST" name="testCommands" finished-at="2024-12-07T13:25:44 IST" duration-ms="22693" status="PASS">
          <reporter-output>
          </reporter-output>
        </test-method> <!-- testCommands -->
      </class> <!-- com.TestMobileScenariosPart2.WorkingWithAppCommands -->
    </test> <!-- Default test -->
  </suite> <!-- Default suite -->
</testng-results>
