<?xml version="1.0" encoding="UTF-8"?>
<!-- Generated by org.testng.reporters.JUnitReportReporter -->
<testsuite hostname="LAPTOP-5KMFOFH9" failures="0" tests="6" name="com.RestAPITesting.NewTestHotelAPIS" time="9.778" errors="0" timestamp="2024-11-30T09:18:21 IST" skipped="0">
  <testcase classname="com.RestAPITesting.NewTestHotelAPIS" name="createBooking" time="4.267"/>
  <system-out/>
  <testcase classname="com.RestAPITesting.NewTestHotelAPIS" name="getBookingForSameId" time="1.116"/>
  <system-out/>
  <testcase classname="com.RestAPITesting.NewTestHotelAPIS" name="createToken" time="1.114"/>
  <system-out/>
  <testcase classname="com.RestAPITesting.NewTestHotelAPIS" name="fullUpdate" time="1.090"/>
  <system-out/>
  <testcase classname="com.RestAPITesting.NewTestHotelAPIS" name="partialUpdate" time="1.111"/>
  <system-out/>
  <testcase classname="com.RestAPITesting.NewTestHotelAPIS" name="deleteSameBooking" time="1.080"/>
  <system-out/>
</testsuite> <!-- com.RestAPITesting.NewTestHotelAPIS -->
