<?xml version="1.0" encoding="UTF-8"?>
<!-- Generated by org.testng.reporters.JUnitReportReporter -->
<testsuite hostname="LAPTOP-5KMFOFH9" failures="0" tests="3" name="com.SeleniumGrid.TestParallelExecutionOnGrid" time="89.026" errors="0" timestamp="2024-10-27T09:41:30 IST" skipped="0">
  <testcase classname="com.SeleniumGrid.TestParallelExecutionOnGrid" name="testGoogle" time="25.405"/>
  <system-out/>
  <testcase classname="com.SeleniumGrid.TestParallelExecutionOnGrid" name="testGoogle" time="30.049"/>
  <system-out/>
  <testcase classname="com.SeleniumGrid.TestParallelExecutionOnGrid" name="testGoogle" time="33.572"/>
  <system-out/>
</testsuite> <!-- com.SeleniumGrid.TestParallelExecutionOnGrid -->
