<?xml version="1.0" encoding="UTF-8"?>
<!-- Generated by org.testng.reporters.JUnitReportReporter -->
<testsuite hostname="LAPTOP-5KMFOFH9" failures="0" tests="2" name="com.TestNGFramework.Annotation.RealTimeAnnotationUse" time="2.517" errors="0" timestamp="2024-10-27T09:05:17 IST" skipped="0">
  <testcase classname="com.TestNGFramework.Annotation.RealTimeAnnotationUse" name="testSignInLink" time="1.450"/>
  <system-out/>
  <testcase classname="com.TestNGFramework.Annotation.RealTimeAnnotationUse" name="testlogin" time="1.067"/>
  <system-out/>
</testsuite> <!-- com.TestNGFramework.Annotation.RealTimeAnnotationUse -->
