<?xml version="1.0" encoding="UTF-8"?>
<!-- Generated by org.testng.reporters.JUnitReportReporter -->
<testsuite hostname="LAPTOP-5KMFOFH9" failures="0" tests="1" name="com.TestMobileScenariosPart2.ToggleWifi_Data_AirplaneMode" time="19.204" errors="0" timestamp="2024-12-07T12:50:59 IST" skipped="0">
  <testcase classname="com.TestMobileScenariosPart2.ToggleWifi_Data_AirplaneMode" name="testToggleSetup" time="19.204"/>
  <system-out/>
</testsuite> <!-- com.TestMobileScenariosPart2.ToggleWifi_Data_AirplaneMode -->
