<?xml version="1.0" encoding="UTF-8"?>
<!-- Generated by org.testng.reporters.JUnitReportReporter -->
<testsuite hostname="LAPTOP-5KMFOFH9" failures="0" tests="4" name="com.SwagLab.TestCase.InventoryPageTest" time="0.534" errors="0" timestamp="2024-10-20T09:54:13 IST" skipped="0">
  <testcase classname="com.SwagLab.TestCase.InventoryPageTest" name="validateProductCount" time="0.033"/>
  <system-out/>
  <testcase classname="com.SwagLab.TestCase.InventoryPageTest" name="validateProductDetails" time="0.148"/>
  <system-out/>
  <testcase classname="com.SwagLab.TestCase.InventoryPageTest" name="validateAddToCart" time="0.260"/>
  <system-out/>
  <testcase classname="com.SwagLab.TestCase.InventoryPageTest" name="validateLaunchOfCartPage" time="0.093"/>
  <system-out/>
</testsuite> <!-- com.SwagLab.TestCase.InventoryPageTest -->
