<?xml version="1.0" encoding="UTF-8"?>
<!-- Generated by org.testng.reporters.JUnitReportReporter -->
<testsuite hostname="LAPTOP-5KMFOFH9" failures="0" tests="2" name="com.TestNGFramework.TestDemo5_timeoutArgument" time="5.045" errors="1" timestamp="2024-10-13T08:24:12 IST" skipped="0">
  <testcase classname="com.TestNGFramework.TestDemo5_timeoutArgument" name="testCase2" time="3.013">
    <error message="Method com.TestNGFramework.TestDemo5_timeoutArgument.testCase2() didn&#039;t finish within the time-out 3000" type="org.testng.internal.thread.ThreadTimeoutException">
      <![CDATA[org.testng.internal.thread.ThreadTimeoutException: Method com.TestNGFramework.TestDemo5_timeoutArgument.testCase2() didn't finish within the time-out 3000
at java.base@17.0.2/java.lang.Thread.sleep(Native Method)
at app//com.TestNGFramework.TestDemo5_timeoutArgument.testCase2(TestDemo5_timeoutArgument.java:20)
at java.base@17.0.2/jdk.internal.reflect.NativeMethodAccessorImpl.invoke0(Native Method)
at java.base@17.0.2/jdk.internal.reflect.NativeMethodAccessorImpl.invoke(NativeMethodAccessorImpl.java:77)
at java.base@17.0.2/jdk.internal.reflect.DelegatingMethodAccessorImpl.invoke(DelegatingMethodAccessorImpl.java:43)
at java.base@17.0.2/java.lang.reflect.Method.invoke(Method.java:568)
at app//org.testng.internal.invokers.MethodInvocationHelper.invokeMethod(MethodInvocationHelper.java:139)
at app//org.testng.internal.invokers.InvokeMethodRunnable.runOne(InvokeMethodRunnable.java:47)
at app//org.testng.internal.invokers.InvokeMethodRunnable.call(InvokeMethodRunnable.java:76)
at app//org.testng.internal.invokers.InvokeMethodRunnable.call(InvokeMethodRunnable.java:11)
at java.base@17.0.2/java.util.concurrent.FutureTask.run(FutureTask.java:264)
at java.base@17.0.2/java.util.concurrent.ThreadPoolExecutor.runWorker(ThreadPoolExecutor.java:1136)
at java.base@17.0.2/java.util.concurrent.ThreadPoolExecutor$Worker.run(ThreadPoolExecutor.java:635)
at java.base@17.0.2/java.lang.Thread.run(Thread.java:833)
]]>
    </error>
  </testcase> <!-- testCase2 -->
  <system-out/>
  <testcase classname="com.TestNGFramework.TestDemo5_timeoutArgument" name="testCase1" time="2.032"/>
  <system-out/>
</testsuite> <!-- com.TestNGFramework.TestDemo5_timeoutArgument -->
