<?xml version="1.0" encoding="UTF-8"?>
<!-- Generated by org.testng.reporters.JUnitReportReporter -->
<testsuite hostname="LAPTOP-5KMFOFH9" failures="0" tests="1" name="com.TestNGFramework.DataReading.HRMPropertiesDataReading" time="9.803" errors="0" timestamp="2024-10-19T09:31:01 IST" skipped="0">
  <testcase classname="com.TestNGFramework.DataReading.HRMPropertiesDataReading" name="testLogin" time="9.803"/>
  <system-out/>
</testsuite> <!-- com.TestNGFramework.DataReading.HRMPropertiesDataReading -->
