<?xml version="1.0" encoding="UTF-8"?>
<!-- Generated by org.testng.reporters.JUnitReportReporter -->
<testsuite hostname="LAPTOP-5KMFOFH9" failures="0" tests="1" name="com.DriverSession.AppiumDriverSessionWithUiautomator2OptionsClass" time="10.317" errors="0" timestamp="2024-12-07T10:34:03 IST" skipped="0">
  <testcase classname="com.DriverSession.AppiumDriverSessionWithUiautomator2OptionsClass" name="testSession" time="10.317"/>
  <system-out/>
</testsuite> <!-- com.DriverSession.AppiumDriverSessionWithUiautomator2OptionsClass -->
