<?xml version="1.0" encoding="UTF-8"?>
<!-- Generated by org.testng.reporters.JUnitReportReporter -->
<testsuite hostname="LAPTOP-5KMFOFH9" failures="0" tests="5" name="com.TestNGFramework.TestDemo3_IgnoringScenario" time="0.003" errors="0" timestamp="2024-10-13T08:24:12 IST" skipped="1">
  <testcase classname="com.TestNGFramework.TestDemo3_IgnoringScenario" name="interviewProcess" time="0.001"/>
  <system-out/>
  <testcase classname="com.TestNGFramework.TestDemo3_IgnoringScenario" name="documentProcess" time="0.000"/>
  <system-out/>
  <testcase classname="com.TestNGFramework.TestDemo3_IgnoringScenario" name="onBoardProcess" time="0.001"/>
  <system-out/>
  <testcase classname="com.TestNGFramework.TestDemo3_IgnoringScenario" name="projectAssignProcess" time="0.001"/>
  <system-out/>
  <testcase classname="com.TestNGFramework.TestDemo3_IgnoringScenario" name="KTProcess">
    <skipped/>
  </testcase> <!-- KTProcess -->
  <system-out/>
</testsuite> <!-- com.TestNGFramework.TestDemo3_IgnoringScenario -->
