<?xml version="1.0" encoding="UTF-8"?>
<!-- Generated by org.testng.reporters.JUnitReportReporter -->
<testsuite hostname="LAPTOP-5KMFOFH9" failures="0" tests="3" name="com.TestNGFramework.PageObjectUsingPageFactory.NewLoginPageTest" time="2.103" errors="0" timestamp="2024-10-19T09:00:15 IST" skipped="0">
  <testcase classname="com.TestNGFramework.PageObjectUsingPageFactory.NewLoginPageTest" name="validateLogin" time="2.073"/>
  <system-out/>
  <testcase classname="com.TestNGFramework.PageObjectUsingPageFactory.NewLoginPageTest" name="validateUrl" time="0.011"/>
  <system-out/>
  <testcase classname="com.TestNGFramework.PageObjectUsingPageFactory.NewLoginPageTest" name="validateTitle" time="0.019"/>
  <system-out/>
</testsuite> <!-- com.TestNGFramework.PageObjectUsingPageFactory.NewLoginPageTest -->
