<?xml version="1.0" encoding="UTF-8"?>
<!-- Generated by org.testng.reporters.JUnitReportReporter -->
<testsuite hostname="LAPTOP-5KMFOFH9" failures="0" tests="3" name="com.TestNGFramework.AnnotationBasics" time="0.014" errors="0" timestamp="2024-10-13T08:40:57 IST" skipped="0">
  <testcase classname="com.TestNGFramework.AnnotationBasics" name="registerTest" time="0.007"/>
  <system-out/>
  <testcase classname="com.TestNGFramework.AnnotationBasics" name="loginTest" time="0.003"/>
  <system-out/>
  <testcase classname="com.TestNGFramework.AnnotationBasics" name="logoutTest" time="0.004"/>
  <system-out/>
</testsuite> <!-- com.TestNGFramework.AnnotationBasics -->
