<?xml version="1.0" encoding="UTF-8"?>
<!-- Generated by org.testng.reporters.JUnitReportReporter -->
<testsuite hostname="LAPTOP-5KMFOFH9" failures="0" tests="4" name="com.TestNGFramework.GroupingInTestNG" time="0.021" errors="0" timestamp="2024-10-13T09:19:16 IST" skipped="0">
  <testcase classname="com.TestNGFramework.GroupingInTestNG" name="testCase3" time="0.001"/>
  <system-out/>
  <testcase classname="com.TestNGFramework.GroupingInTestNG" name="testCase2" time="0.001"/>
  <system-out/>
  <testcase classname="com.TestNGFramework.GroupingInTestNG" name="testCase1" time="0.018"/>
  <system-out/>
  <testcase classname="com.TestNGFramework.GroupingInTestNG" name="testCase4" time="0.001"/>
  <system-out/>
</testsuite> <!-- com.TestNGFramework.GroupingInTestNG -->
