<?xml version="1.0" encoding="UTF-8"?>
<!-- Generated by org.testng.reporters.JUnitReportReporter -->
<testsuite hostname="LAPTOP-5KMFOFH9" failures="0" tests="1" name="com.TestNGFramework.DataDrivenTest.TakeScreenshotTest" time="5.122" errors="0" timestamp="2024-10-20T08:27:02 IST" skipped="0">
  <testcase classname="com.TestNGFramework.DataDrivenTest.TakeScreenshotTest" name="screenshotTest" time="5.122"/>
  <system-out/>
</testsuite> <!-- com.TestNGFramework.DataDrivenTest.TakeScreenshotTest -->
