<?xml version="1.0" encoding="UTF-8"?>
<!-- Generated by org.testng.reporters.JUnitReportReporter -->
<testsuite hostname="LAPTOP-5KMFOFH9" failures="0" tests="4" name="com.SwagLab.TestCase.CartPageTest" time="4.822" errors="0" timestamp="2024-10-26T08:07:15 IST" skipped="0">
  <testcase classname="com.SwagLab.TestCase.CartPageTest" name="validateAddedProduct" time="0.039"/>
  <system-out/>
  <testcase classname="com.SwagLab.TestCase.CartPageTest" name="validateProductRemove" time="2.139"/>
  <system-out/>
  <testcase classname="com.SwagLab.TestCase.CartPageTest" name="validateContinueShopping" time="2.519"/>
  <system-out/>
  <testcase classname="com.SwagLab.TestCase.CartPageTest" name="validateLaunchOfCheckoutPage" time="0.125"/>
  <system-out/>
</testsuite> <!-- com.SwagLab.TestCase.CartPageTest -->
