<?xml version="1.0" encoding="UTF-8"?>
<!-- Generated by org.testng.reporters.JUnitReportReporter -->
<testsuite hostname="LAPTOP-5KMFOFH9" failures="0" tests="1" name="com.TestNGFramework.DataDrivenTest.FullPageScreenshot" time="10.032" errors="0" timestamp="2024-10-20T08:35:04 IST" skipped="0">
  <testcase classname="com.TestNGFramework.DataDrivenTest.FullPageScreenshot" name="getFullPageSceenshot" time="10.032"/>
  <system-out/>
</testsuite> <!-- com.TestNGFramework.DataDrivenTest.FullPageScreenshot -->
