<?xml version="1.0" encoding="UTF-8"?>
<!-- Generated by org.testng.reporters.JUnitReportReporter -->
<testsuite hostname="LAPTOP-5KMFOFH9" failures="0" tests="3" name="com.RestAPITesting.HotelAPITest" time="5.848" errors="0" timestamp="2024-11-24T17:11:51 IST" skipped="0">
  <testcase classname="com.RestAPITesting.HotelAPITest" name="createBooking" time="3.564"/>
  <system-out/>
  <testcase classname="com.RestAPITesting.HotelAPITest" name="createToken" time="1.120"/>
  <system-out/>
  <testcase classname="com.RestAPITesting.HotelAPITest" name="partialUpdate" time="1.164"/>
  <system-out/>
</testsuite> <!-- com.RestAPITesting.HotelAPITest -->
