<?xml version="1.0" encoding="UTF-8"?>
<!-- Generated by org.testng.reporters.JUnitReportReporter -->
<testsuite hostname="LAPTOP-5KMFOFH9" failures="0" tests="1" name="com.TestNGFramework.DataReading.DataReadingFromXMLFile" time="11.903" errors="0" timestamp="2024-10-19T09:13:03 IST" skipped="0">
  <testcase classname="com.TestNGFramework.DataReading.DataReadingFromXMLFile" name="testLogin" time="11.903"/>
  <system-out/>
</testsuite> <!-- com.TestNGFramework.DataReading.DataReadingFromXMLFile -->
