<?xml version="1.0" encoding="UTF-8"?>
<!-- Generated by org.testng.reporters.JUnitReportReporter -->
<testsuite hostname="LAPTOP-5KMFOFH9" failures="0" tests="2" name="com.TestNGFramework.Annotation.ClassA" time="0.009" errors="0" timestamp="2024-10-13T08:51:00 IST" skipped="0">
  <testcase classname="com.TestNGFramework.Annotation.ClassA" name="testCaseA" time="0.008"/>
  <system-out/>
  <testcase classname="com.TestNGFramework.Annotation.ClassA" name="testCaseA" time="0.001"/>
  <system-out/>
</testsuite> <!-- com.TestNGFramework.Annotation.ClassA -->
