<?xml version="1.0" encoding="UTF-8"?>
<!-- Generated by org.testng.reporters.JUnitReportReporter -->
<testsuite hostname="LAPTOP-5KMFOFH9" failures="0" tests="4" name="com.SwagLab.TestCase.InventoryPageTest" time="0.506" errors="0" timestamp="2024-10-26T08:07:15 IST" skipped="0">
  <testcase classname="com.SwagLab.TestCase.InventoryPageTest" name="validateProductCount" time="0.026"/>
  <system-out/>
  <testcase classname="com.SwagLab.TestCase.InventoryPageTest" name="validateProductDetails" time="0.105"/>
  <system-out/>
  <testcase classname="com.SwagLab.TestCase.InventoryPageTest" name="validateAddToCart" time="0.239"/>
  <system-out/>
  <testcase classname="com.SwagLab.TestCase.InventoryPageTest" name="validateLaunchOfCartPage" time="0.136"/>
  <system-out/>
</testsuite> <!-- com.SwagLab.TestCase.InventoryPageTest -->
