<?xml version="1.0" encoding="UTF-8"?>
<!-- Generated by org.testng.reporters.JUnitReportReporter -->
<testsuite hostname="LAPTOP-5KMFOFH9" failures="0" tests="2" name="com.SwagLab.TestCase.OverviewPageTest" time="0.326" errors="0" timestamp="2024-10-27T09:15:22 IST" skipped="0">
  <testcase classname="com.SwagLab.TestCase.OverviewPageTest" name="validateSummary" time="0.035"/>
  <system-out/>
  <testcase classname="com.SwagLab.TestCase.OverviewPageTest" name="validateCompletionOfOrder" time="0.291"/>
  <system-out/>
</testsuite> <!-- com.SwagLab.TestCase.OverviewPageTest -->
