<?xml version="1.0" encoding="UTF-8"?>
<!-- Generated by org.testng.reporters.JUnitReportReporter -->
<testsuite hostname="LAPTOP-5KMFOFH9" failures="0" tests="3" name="com.TestNGFramework.PageObjectUsingByLocator.LoginPageTest" time="3.830" errors="0" timestamp="2024-10-19T08:44:21 IST" skipped="0">
  <testcase classname="com.TestNGFramework.PageObjectUsingByLocator.LoginPageTest" name="validateUrl" time="0.031"/>
  <system-out/>
  <testcase classname="com.TestNGFramework.PageObjectUsingByLocator.LoginPageTest" name="validateTitle" time="0.011"/>
  <system-out/>
  <testcase classname="com.TestNGFramework.PageObjectUsingByLocator.LoginPageTest" name="validateLogin" time="3.788"/>
  <system-out/>
</testsuite> <!-- com.TestNGFramework.PageObjectUsingByLocator.LoginPageTest -->
