<?xml version="1.0" encoding="UTF-8"?>
<!-- Generated by org.testng.reporters.JUnitReportReporter -->
<testsuite hostname="LAPTOP-5KMFOFH9" failures="0" tests="6" name="com.TestNGFramework.TestDemo2" time="0.004" errors="0" timestamp="2024-10-13T08:24:12 IST" skipped="0">
  <testcase classname="com.TestNGFramework.TestDemo2" name="registerTest" time="0.001"/>
  <system-out/>
  <testcase classname="com.TestNGFramework.TestDemo2" name="loginTest" time="0.001"/>
  <system-out/>
  <testcase classname="com.TestNGFramework.TestDemo2" name="loginTest" time="0.000"/>
  <system-out/>
  <testcase classname="com.TestNGFramework.TestDemo2" name="loginTest" time="0.000"/>
  <system-out/>
  <testcase classname="com.TestNGFramework.TestDemo2" name="searchProductTest" time="0.001"/>
  <system-out/>
  <testcase classname="com.TestNGFramework.TestDemo2" name="addToCartTest" time="0.001"/>
  <system-out/>
</testsuite> <!-- com.TestNGFramework.TestDemo2 -->
