<?xml version="1.0" encoding="UTF-8"?>
<!-- Generated by org.testng.reporters.JUnitReportReporter -->
<testsuite hostname="LAPTOP-5KMFOFH9" failures="0" tests="3" name="com.TestNGFramework.DataDrivenTest.DataDrivenTestDemo1" time="0.010" errors="0" timestamp="2024-10-19T09:46:59 IST" skipped="0">
  <testcase classname="com.TestNGFramework.DataDrivenTest.DataDrivenTestDemo1" name="testLogin" time="0.008"/>
  <system-out/>
  <testcase classname="com.TestNGFramework.DataDrivenTest.DataDrivenTestDemo1" name="testLogin" time="0.001"/>
  <system-out/>
  <testcase classname="com.TestNGFramework.DataDrivenTest.DataDrivenTestDemo1" name="testLogin" time="0.001"/>
  <system-out/>
</testsuite> <!-- com.TestNGFramework.DataDrivenTest.DataDrivenTestDemo1 -->
