<?xml version="1.0" encoding="UTF-8"?>
<!-- Generated by org.testng.reporters.JUnitReportReporter -->
<testsuite hostname="LAPTOP-5KMFOFH9" failures="0" tests="3" name="com.SwagLab.TestCase.LoginPageTest" time="0.768" errors="0" timestamp="2024-10-20T09:54:13 IST" skipped="0">
  <testcase classname="com.SwagLab.TestCase.LoginPageTest" name="validateUrl" time="0.042"/>
  <system-out/>
  <testcase classname="com.SwagLab.TestCase.LoginPageTest" name="validateTitle" time="0.019"/>
  <system-out/>
  <testcase classname="com.SwagLab.TestCase.LoginPageTest" name="validateLogin" time="0.707"/>
  <system-out/>
</testsuite> <!-- com.SwagLab.TestCase.LoginPageTest -->
