<?xml version="1.0" encoding="UTF-8"?>
<!-- Generated by org.testng.reporters.JUnitReportReporter -->
<testsuite hostname="LAPTOP-5KMFOFH9" failures="0" tests="1" name="com.TestMobileScenariosPart2.Lock_Unlock_RotateDevice" time="16.522" errors="0" timestamp="2024-12-07T12:59:08 IST" skipped="0">
  <testcase classname="com.TestMobileScenariosPart2.Lock_Unlock_RotateDevice" name="testBasicSetup" time="16.522"/>
  <system-out/>
</testsuite> <!-- com.TestMobileScenariosPart2.Lock_Unlock_RotateDevice -->
