<?xml version="1.0" encoding="UTF-8"?>
<!-- Generated by org.testng.reporters.JUnitReportReporter -->
<testsuite hostname="LAPTOP-5KMFOFH9" failures="0" tests="4" name="com.SwagLab.TestCase.CartPageTest" time="0.850" errors="0" timestamp="2024-10-20T09:54:13 IST" skipped="0">
  <testcase classname="com.SwagLab.TestCase.CartPageTest" name="validateAddedProduct" time="0.034"/>
  <system-out/>
  <testcase classname="com.SwagLab.TestCase.CartPageTest" name="validateProductRemove" time="0.141"/>
  <system-out/>
  <testcase classname="com.SwagLab.TestCase.CartPageTest" name="validateContinueShopping" time="0.566"/>
  <system-out/>
  <testcase classname="com.SwagLab.TestCase.CartPageTest" name="validateLaunchOfCheckoutPage" time="0.109"/>
  <system-out/>
</testsuite> <!-- com.SwagLab.TestCase.CartPageTest -->
