<?xml version="1.0" encoding="UTF-8"?>
<!-- Generated by org.testng.reporters.JUnitReportReporter -->
<testsuite hostname="LAPTOP-5KMFOFH9" failures="0" tests="1" name="com.NewScenarios.TestSearialization_Deserialization" time="0.356" errors="0" timestamp="2024-12-01T19:50:23 IST" skipped="0">
  <testcase classname="com.NewScenarios.TestSearialization_Deserialization" name="testDeserialization" time="0.356"/>
  <system-out/>
</testsuite> <!-- com.NewScenarios.TestSearialization_Deserialization -->
