<?xml version="1.0" encoding="UTF-8"?>
<!-- Generated by org.testng.reporters.JUnitReportReporter -->
<testsuite hostname="LAPTOP-5KMFOFH9" failures="0" tests="3" name="com.TestNGFramework.PageObjectModel.LoginPageTestUsingBy" time="4.832" errors="0" timestamp="2024-10-13T09:54:33 IST" skipped="0">
  <testcase classname="com.TestNGFramework.PageObjectModel.LoginPageTestUsingBy" name="validateUrl" time="0.031"/>
  <system-out/>
  <testcase classname="com.TestNGFramework.PageObjectModel.LoginPageTestUsingBy" name="validateTitle" time="0.012"/>
  <system-out/>
  <testcase classname="com.TestNGFramework.PageObjectModel.LoginPageTestUsingBy" name="validateLogin" time="4.789"/>
  <system-out/>
</testsuite> <!-- com.TestNGFramework.PageObjectModel.LoginPageTestUsingBy -->
