<?xml version="1.0" encoding="UTF-8"?>
<!-- Generated by org.testng.reporters.JUnitReportReporter -->
<testsuite hostname="LAPTOP-5KMFOFH9" failures="0" tests="1" name="com.DriverSession.CreateSessonWithAppPackageandActivity" time="10.611" errors="0" timestamp="2024-12-07T13:10:56 IST" skipped="0">
  <testcase classname="com.DriverSession.CreateSessonWithAppPackageandActivity" name="testNewSessionforDeskClock" time="10.611"/>
  <system-out/>
</testsuite> <!-- com.DriverSession.CreateSessonWithAppPackageandActivity -->
